
> felps@0.0.1 check D:\Projetos\Siste teste\felps
> astro check

16:18:20 [content] Syncing content
16:18:20 [content] Synced content
16:18:20 [types] Generated 238ms
16:18:20 [check] Getting diagnostics for Astro files in D:\Projetos\Siste teste\felps...
[96msrc/config.ts[0m:[93m3[0m:[93m2[0m - [93mwarning[0m[90m ts(6196): [0m'GiscusConfig' is declared but never used.

[7m3[0m  GiscusConfig,
[7m [0m [93m ~~~~~~~~~~~~[0m

[96msrc/components/Navbar.astro[0m:[93m55[0m:[93m14[0m - [91merror[0m[90m ts(2322): [0mType '{ "client:only": string; }' is not assignable to type 'IntrinsicAttributes & Record<string, never>'.
  Type '{ "client:only": string; }' is not assignable to type 'Record<string, never>'.
    Property 'client:only' is incompatible with index signature.
      Type 'string' is not assignable to type 'never'.

[7m55[0m             <LightDarkSwitch client:only="svelte"></LightDarkSwitch>
[7m  [0m [91m             ~~~~~~~~~~~~~~~[0m

[96msrc/components/control/CustomCursor.astro[0m:[93m32[0m:[93m11[0m - [93mwarning[0m[90m ts(6133): [0m'inner' is declared but its value is never read.

[7m32[0m     const inner = cursor?.querySelector('.cursor-inner');
[7m  [0m [93m          ~~~~~[0m

[96msrc/components/misc/GlobalCommand.astro[0m:[93m379[0m:[93m43[0m - [91merror[0m[90m ts(7005): [0mVariable 'inputEl' implicitly has an 'any' type.

[7m379[0m                 else { historyIndex = -1; inputEl.value = ''; }
[7m   [0m [91m                                          ~~~~~~~[0m
[96msrc/components/misc/GlobalCommand.astro[0m:[93m378[0m:[93m73[0m - [91merror[0m[90m ts(7005): [0mVariable 'history' implicitly has an 'any[]' type.

[7m378[0m                 if (historyIndex > 0) { historyIndex--; inputEl.value = history[historyIndex]; }
[7m   [0m [91m                                                                        ~~~~~~~[0m
[96msrc/components/misc/GlobalCommand.astro[0m:[93m378[0m:[93m57[0m - [91merror[0m[90m ts(7005): [0mVariable 'inputEl' implicitly has an 'any' type.

[7m378[0m                 if (historyIndex > 0) { historyIndex--; inputEl.value = history[historyIndex]; }
[7m   [0m [91m                                                        ~~~~~~~[0m
[96msrc/components/misc/GlobalCommand.astro[0m:[93m374[0m:[93m90[0m - [91merror[0m[90m ts(7005): [0mVariable 'history' implicitly has an 'any[]' type.

[7m374[0m                 if (historyIndex < history.length - 1) { historyIndex++; inputEl.value = history[historyIndex]; }
[7m   [0m [91m                                                                                         ~~~~~~~[0m
[96msrc/components/misc/GlobalCommand.astro[0m:[93m374[0m:[93m74[0m - [91merror[0m[90m ts(7005): [0mVariable 'inputEl' implicitly has an 'any' type.

[7m374[0m                 if (historyIndex < history.length - 1) { historyIndex++; inputEl.value = history[historyIndex]; }
[7m   [0m [91m                                                                         ~~~~~~~[0m
[96msrc/components/misc/GlobalCommand.astro[0m:[93m371[0m:[93m69[0m - [91merror[0m[90m ts(7005): [0mVariable 'inputEl' implicitly has an 'any' type.

[7m371[0m             if (e.key === 'Tab') { e.preventDefault(); autocomplete(inputEl.value); }
[7m   [0m [91m                                                                    ~~~~~~~[0m
[96msrc/components/misc/GlobalCommand.astro[0m:[93m370[0m:[93m68[0m - [91merror[0m[90m ts(7005): [0mVariable 'inputEl' implicitly has an 'any' type.

[7m370[0m             if (e.key === 'Enter') { handleCommand(inputEl.value); inputEl.value = ''; }
[7m   [0m [91m                                                                   ~~~~~~~[0m
[96msrc/components/misc/GlobalCommand.astro[0m:[93m370[0m:[93m52[0m - [91merror[0m[90m ts(7005): [0mVariable 'inputEl' implicitly has an 'any' type.

[7m370[0m             if (e.key === 'Enter') { handleCommand(inputEl.value); inputEl.value = ''; }
[7m   [0m [91m                                                   ~~~~~~~[0m
[96msrc/components/misc/GlobalCommand.astro[0m:[93m366[0m:[93m30[0m - [91merror[0m[90m ts(7005): [0mVariable 'containerEl' implicitly has an 'any' type.

[7m366[0m             if (e.target === containerEl) closeTerminal();
[7m   [0m [91m                             ~~~~~~~~~~~[0m
[96msrc/components/misc/GlobalCommand.astro[0m:[93m359[0m:[93m33[0m - [91merror[0m[90m ts(7005): [0mVariable 'containerEl' implicitly has an 'any' type.

[7m359[0m                 const isOpen = !containerEl.classList.contains('opacity-0');
[7m   [0m [91m                                ~~~~~~~~~~~[0m
[96msrc/components/misc/GlobalCommand.astro[0m:[93m341[0m:[93m13[0m - [91merror[0m[90m ts(7005): [0mVariable 'inputEl' implicitly has an 'any' type.

[7m341[0m             inputEl.value = matches[0];
[7m   [0m [91m            ~~~~~~~[0m
[96msrc/components/misc/GlobalCommand.astro[0m:[93m334[0m:[93m27[0m - [91merror[0m[90m ts(7006): [0mParameter 'val' implicitly has an 'any' type.

[7m334[0m     function autocomplete(val) {
[7m   [0m [91m                          ~~~[0m
[96msrc/components/misc/GlobalCommand.astro[0m:[93m330[0m:[93m14[0m - [91merror[0m[90m ts(7005): [0mVariable 'containerEl' implicitly has an 'any' type.

[7m330[0m         if (!containerEl) return;
[7m   [0m [91m             ~~~~~~~~~~~[0m
[96msrc/components/misc/GlobalCommand.astro[0m:[93m322[0m:[93m13[0m - [91merror[0m[90m ts(7005): [0mVariable 'outputEl' implicitly has an 'any' type.

[7m322[0m         if (outputEl && outputEl.children.length === 0) {
[7m   [0m [91m            ~~~~~~~~[0m
[96msrc/components/misc/GlobalCommand.astro[0m:[93m320[0m:[93m26[0m - [91merror[0m[90m ts(7005): [0mVariable 'inputEl' implicitly has an 'any' type.

[7m320[0m         setTimeout(() => inputEl?.focus(), 40);
[7m   [0m [91m                         ~~~~~~~[0m
[96msrc/components/misc/GlobalCommand.astro[0m:[93m318[0m:[93m14[0m - [91merror[0m[90m ts(7005): [0mVariable 'containerEl' implicitly has an 'any' type.

[7m318[0m         if (!containerEl) return;
[7m   [0m [91m             ~~~~~~~~~~~[0m
[96msrc/components/misc/GlobalCommand.astro[0m:[93m275[0m:[93m57[0m - [91merror[0m[90m ts(7005): [0mVariable 'outputEl' implicitly has an 'any' type.

[7m275[0m         if (lower === 'clear' || lower === 'cls') { if (outputEl) outputEl.innerHTML = ''; return; }
[7m   [0m [91m                                                        ~~~~~~~~[0m
[96msrc/components/misc/GlobalCommand.astro[0m:[93m240[0m:[93m34[0m - [91merror[0m[90m ts(7005): [0mVariable 'history' implicitly has an 'any[]' type.

[7m240[0m         if (history.length > 50) history.pop();
[7m   [0m [91m                                 ~~~~~~~[0m
[96msrc/components/misc/GlobalCommand.astro[0m:[93m235[0m:[93m28[0m - [91merror[0m[90m ts(7006): [0mParameter 'raw' implicitly has an 'any' type.

[7m235[0m     function handleCommand(raw) {
[7m   [0m [91m                           ~~~[0m
[96msrc/components/misc/GlobalCommand.astro[0m:[93m229[0m:[93m28[0m - [91merror[0m[90m ts(7006): [0mParameter 'label' implicitly has an 'any' type.

[7m229[0m     function navigate(url, label) {
[7m   [0m [91m                           ~~~~~[0m
[96msrc/components/misc/GlobalCommand.astro[0m:[93m229[0m:[93m23[0m - [91merror[0m[90m ts(7006): [0mParameter 'url' implicitly has an 'any' type.

[7m229[0m     function navigate(url, label) {
[7m   [0m [91m                      ~~~[0m
[96msrc/components/misc/GlobalCommand.astro[0m:[93m202[0m:[93m30[0m - [91merror[0m[90m ts(7005): [0mVariable 'outputEl' implicitly has an 'any' type.

[7m202[0m         outputEl.scrollTop = outputEl.scrollHeight;
[7m   [0m [91m                             ~~~~~~~~[0m
[96msrc/components/misc/GlobalCommand.astro[0m:[93m202[0m:[93m9[0m - [91merror[0m[90m ts(7005): [0mVariable 'outputEl' implicitly has an 'any' type.

[7m202[0m         outputEl.scrollTop = outputEl.scrollHeight;
[7m   [0m [91m        ~~~~~~~~[0m
[96msrc/components/misc/GlobalCommand.astro[0m:[93m201[0m:[93m9[0m - [91merror[0m[90m ts(7005): [0mVariable 'outputEl' implicitly has an 'any' type.

[7m201[0m         outputEl.appendChild(wrapper);
[7m   [0m [91m        ~~~~~~~~[0m
[96msrc/components/misc/GlobalCommand.astro[0m:[93m151[0m:[93m23[0m - [91merror[0m[90m ts(7053): [0mElement implicitly has an 'any' type because expression of type 'string' can't be used to index type '{ emerald: string; amber: string; cobalt: string; crimson: string; }'.
  No index signature with a parameter of type 'string' was found on type '{ emerald: string; amber: string; cobalt: string; crimson: string; }'.

[7m151[0m         const color = themeColor[theme] || '#00ff7f';
[7m   [0m [91m                      ~~~~~~~~~~~~~~~~~[0m
[96msrc/components/misc/GlobalCommand.astro[0m:[93m124[0m:[93m22[0m - [91merror[0m[90m ts(7006): [0mParameter 'str' implicitly has an 'any' type.

[7m124[0m     function escHtml(str) {
[7m   [0m [91m                     ~~~[0m
[96msrc/components/misc/GlobalCommand.astro[0m:[93m120[0m:[93m26[0m - [91merror[0m[90m ts(7006): [0mParameter 'cmd' implicitly has an 'any' type.

[7m120[0m     function printPrompt(cmd) {
[7m   [0m [91m                         ~~~[0m
[96msrc/components/misc/GlobalCommand.astro[0m:[93m110[0m:[93m14[0m - [91merror[0m[90m ts(7005): [0mVariable 'outputEl' implicitly has an 'any' type.

[7m110[0m         if (!outputEl) return;
[7m   [0m [91m             ~~~~~~~~[0m
[96msrc/components/misc/GlobalCommand.astro[0m:[93m109[0m:[93m20[0m - [91merror[0m[90m ts(7006): [0mParameter 'html' implicitly has an 'any' type.

[7m109[0m     function print(html, cls = '') {
[7m   [0m [91m                   ~~~~[0m
[96msrc/components/misc/GlobalCommand.astro[0m:[93m107[0m:[93m28[0m - [91merror[0m[90m ts(7034): [0mVariable 'containerEl' implicitly has type 'any' in some locations where its type cannot be determined.

[7m107[0m     let outputEl, inputEl, containerEl;
[7m   [0m [91m                           ~~~~~~~~~~~[0m
[96msrc/components/misc/GlobalCommand.astro[0m:[93m107[0m:[93m19[0m - [91merror[0m[90m ts(7034): [0mVariable 'inputEl' implicitly has type 'any' in some locations where its type cannot be determined.

[7m107[0m     let outputEl, inputEl, containerEl;
[7m   [0m [91m                  ~~~~~~~[0m
[96msrc/components/misc/GlobalCommand.astro[0m:[93m107[0m:[93m9[0m - [91merror[0m[90m ts(7034): [0mVariable 'outputEl' implicitly has type 'any' in some locations where its type cannot be determined.

[7m107[0m     let outputEl, inputEl, containerEl;
[7m   [0m [91m        ~~~~~~~~[0m
[96msrc/components/misc/GlobalCommand.astro[0m:[93m104[0m:[93m9[0m - [91merror[0m[90m ts(7034): [0mVariable 'history' implicitly has type 'any[]' in some locations where its type cannot be determined.

[7m104[0m     let history = [];
[7m   [0m [91m        ~~~~~~~[0m
[96msrc/components/misc/GlobalCommand.astro[0m:[93m86[0m:[93m19[0m - [91merror[0m[90m ts(7053): [0mElement implicitly has an 'any' type because expression of type 'string' can't be used to index type '{ emerald: string; amber: string; cobalt: string; crimson: string; }'.
  No index signature with a parameter of type 'string' was found on type '{ emerald: string; amber: string; cobalt: string; crimson: string; }'.

[7m86[0m         const c = themeColor[theme] || '#00ff7f';
[7m  [0m [91m                  ~~~~~~~~~~~~~~~~~[0m
[96msrc/components/misc/GlobalCommand.astro[0m:[93m152[0m:[93m15[0m - [93mwarning[0m[90m ts(6133): [0m'rows' is declared but its value is never read.

[7m152[0m         const rows = Math.max(NEOFETCH_ART.length, info.length);
[7m   [0m [93m              ~~~~[0m
[96msrc/components/misc/GlobalCommand.astro[0m:[93m49[0m:[93m11[0m - [93mwarning[0m[90m ts(6133): [0m'NAV_COMMANDS' is declared but its value is never read.

[7m49[0m     const NAV_COMMANDS = {
[7m  [0m [93m          ~~~~~~~~~~~~[0m

[96msrc/components/widget/TerminalWidget.astro[0m:[93m3[0m:[93m1[0m - [93mwarning[0m[90m ts(6133): [0m'BANNER_HEIGHT' is declared but its value is never read.

[7m3[0m import { BANNER_HEIGHT } from "../../constants/constants";
[7m [0m [93m~~~~~~~~~~~~~~~~~~~~~~~~~~~~~~~~~~~~~~~~~~~~~~~~~~~~~~~~~~[0m
[96msrc/components/widget/TerminalWidget.astro[0m:[93m2[0m:[93m1[0m - [93mwarning[0m[90m ts(6133): [0m'siteConfig' is declared but its value is never read.

[7m2[0m import { siteConfig } from "../../config";
[7m [0m [93m~~~~~~~~~~~~~~~~~~~~~~~~~~~~~~~~~~~~~~~~~~[0m

[96msrc/layouts/Layout.astro[0m:[93m33[0m:[93m41[0m - [93mwarning[0m[90m ts(6133): [0m'setOGTypeArticle' is declared but its value is never read.

[7m33[0m let { title, banner, description, lang, setOGTypeArticle } = Astro.props;
[7m  [0m [93m                                        ~~~~~~~~~~~~~~~~[0m

[96msrc/layouts/MainGridLayout.astro[0m:[93m17[0m:[93m2[0m - [93mwarning[0m[90m ts(6133): [0m'MAIN_PANEL_OVERLAPS_BANNER_HEIGHT' is declared but its value is never read.

[7m17[0m  MAIN_PANEL_OVERLAPS_BANNER_HEIGHT,
[7m  [0m [93m ~~~~~~~~~~~~~~~~~~~~~~~~~~~~~~~~~[0m
[96msrc/layouts/MainGridLayout.astro[0m:[93m8[0m:[93m1[0m - [93mwarning[0m[90m ts(6133): [0m'ImageWrapper' is declared but its value is never read.

[7m8[0m import ImageWrapper from "../components/misc/ImageWrapper.astro";
[7m [0m [93m~~~~~~~~~~~~~~~~~~~~~~~~~~~~~~~~~~~~~~~~~~~~~~~~~~~~~~~~~~~~~~~~~[0m

[96msrc/pages/archive.astro[0m:[93m12[0m:[93m19[0m - [91merror[0m[90m ts(2322): [0mType 'PostForList[]' is not assignable to type 'Post[]'.
  Type 'PostForList' is not assignable to type 'Post'.
    The types of 'data.category' are incompatible between these types.
      Type 'string | null' is not assignable to type 'string | undefined'.
        Type 'null' is not assignable to type 'string | undefined'.

[7m12[0m     <ArchivePanel sortedPosts={sortedPostsList} client:only="svelte"></ArchivePanel>
[7m  [0m [91m                  ~~~~~~~~~~~[0m

[96msrc/plugins/expressive-code/language-badge.ts[0m:[93m10[0m:[93m16[0m - [93mwarning[0m[90m ts(6133): [0m'_cssVar' is declared but its value is never read.

[7m10[0m   baseStyles: ({ _cssVar }) => `
[7m  [0m [93m               ~~~~~~~~~~~[0m

Result (72 files): 
- 36 errors
- 0 warnings
- 10 hints

ÔÇëELIFECYCLEÔÇë Command failed with exit code 1.
